<?xml version="1.0" encoding="UTF-8"?>
<!-- Generated by org.testng.reporters.JUnitXMLReporter -->
<testsuite hostname="DESKTOP-NO5P2B0" ignored="0" name="Test" tests="3" failures="0" timestamp="2021-06-13T14:42:18 IST" time="70.262" errors="0">
  <testcase name="LoginTest" time="0.012" classname="appleTestCases.TestCase"/>
  <testcase name="navigateToPage" time="6.991" classname="appleTestCases.TestCase"/>
  <testcase name="chooseProduct" time="21.603" classname="appleTestCases.TestCase"/>
</testsuite> <!-- Test -->
