<?xml version="1.0" encoding="UTF-8"?>
<testng-results skipped="0" failed="0" ignored="0" total="3" passed="3">
  <reporter-output>
  </reporter-output>
  <suite name="Suite" duration-ms="70262" started-at="2021-06-13T14:41:08 IST" finished-at="2021-06-13T14:42:18 IST">
    <groups>
    </groups>
    <test name="Test" duration-ms="70262" started-at="2021-06-13T14:41:08 IST" finished-at="2021-06-13T14:42:18 IST">
      <class name="appleTestCases.TestCase">
        <test-method status="PASS" signature="SetUp()[pri:0, instance:appleTestCases.TestCase@8646db9]" name="SetUp" is-config="true" duration-ms="15067" started-at="2021-06-13T14:41:08 IST" finished-at="2021-06-13T14:41:23 IST">
          <reporter-output>
          </reporter-output>
        </test-method> <!-- SetUp -->
        <test-method status="PASS" signature="LoginTest()[pri:1, instance:appleTestCases.TestCase@8646db9]" name="LoginTest" duration-ms="12" started-at="2021-06-13T14:41:23 IST" finished-at="2021-06-13T14:41:23 IST">
          <reporter-output>
          </reporter-output>
        </test-method> <!-- LoginTest -->
        <test-method status="PASS" signature="TearDown()[pri:0, instance:appleTestCases.TestCase@8646db9]" name="TearDown" is-config="true" duration-ms="1062" started-at="2021-06-13T14:41:23 IST" finished-at="2021-06-13T14:41:24 IST">
          <reporter-output>
          </reporter-output>
        </test-method> <!-- TearDown -->
        <test-method status="PASS" signature="SetUp()[pri:0, instance:appleTestCases.TestCase@8646db9]" name="SetUp" is-config="true" duration-ms="11753" started-at="2021-06-13T14:41:24 IST" finished-at="2021-06-13T14:41:36 IST">
          <reporter-output>
          </reporter-output>
        </test-method> <!-- SetUp -->
        <test-method status="PASS" signature="navigateToPage()[pri:2, instance:appleTestCases.TestCase@8646db9]" name="navigateToPage" duration-ms="6991" started-at="2021-06-13T14:41:36 IST" finished-at="2021-06-13T14:41:43 IST">
          <reporter-output>
          </reporter-output>
        </test-method> <!-- navigateToPage -->
        <test-method status="PASS" signature="TearDown()[pri:0, instance:appleTestCases.TestCase@8646db9]" name="TearDown" is-config="true" duration-ms="1179" started-at="2021-06-13T14:41:43 IST" finished-at="2021-06-13T14:41:44 IST">
          <reporter-output>
          </reporter-output>
        </test-method> <!-- TearDown -->
        <test-method status="PASS" signature="SetUp()[pri:0, instance:appleTestCases.TestCase@8646db9]" name="SetUp" is-config="true" duration-ms="11240" started-at="2021-06-13T14:41:44 IST" finished-at="2021-06-13T14:41:55 IST">
          <reporter-output>
          </reporter-output>
        </test-method> <!-- SetUp -->
        <test-method status="PASS" signature="chooseProduct()[pri:3, instance:appleTestCases.TestCase@8646db9]" name="chooseProduct" duration-ms="21603" started-at="2021-06-13T14:41:55 IST" finished-at="2021-06-13T14:42:17 IST">
          <reporter-output>
          </reporter-output>
        </test-method> <!-- chooseProduct -->
        <test-method status="PASS" signature="TearDown()[pri:0, instance:appleTestCases.TestCase@8646db9]" name="TearDown" is-config="true" duration-ms="1281" started-at="2021-06-13T14:42:17 IST" finished-at="2021-06-13T14:42:18 IST">
          <reporter-output>
          </reporter-output>
        </test-method> <!-- TearDown -->
      </class> <!-- appleTestCases.TestCase -->
    </test> <!-- Test -->
  </suite> <!-- Suite -->
</testng-results>
